<?xml version="1.0" encoding="UTF-8"?>
<testng-results ignored="0" total="2" passed="2" failed="0" skipped="0">
  <reporter-output>
  </reporter-output>
  <suite started-at="2023-11-28T15:50:39 IST" name="Default suite" finished-at="2023-11-28T15:50:46 IST" duration-ms="6873">
    <groups>
    </groups>
    <test started-at="2023-11-28T15:50:39 IST" name="Default test" finished-at="2023-11-28T15:50:46 IST" duration-ms="6873">
      <class name="com.sauce.qa.testcases.LoginPageTest">
        <test-method is-config="true" signature="setUp()[pri:0, instance:com.sauce.qa.testcases.LoginPageTest@2892d68]" started-at="2023-11-28T15:50:39 IST" name="setUp" finished-at="2023-11-28T15:50:43 IST" duration-ms="3727" status="PASS">
          <reporter-output>
          </reporter-output>
        </test-method> <!-- setUp -->
        <test-method signature="validateLogin()[pri:1, instance:com.sauce.qa.testcases.LoginPageTest@2892d68]" started-at="2023-11-28T15:50:43 IST" name="validateLogin" finished-at="2023-11-28T15:50:43 IST" duration-ms="537" status="PASS">
          <reporter-output>
          </reporter-output>
        </test-method> <!-- validateLogin -->
        <test-method is-config="true" signature="finishLine()[pri:0, instance:com.sauce.qa.testcases.LoginPageTest@2892d68]" started-at="2023-11-28T15:50:43 IST" name="finishLine" finished-at="2023-11-28T15:50:44 IST" duration-ms="354" status="PASS">
          <reporter-output>
          </reporter-output>
        </test-method> <!-- finishLine -->
        <test-method is-config="true" signature="setUp()[pri:0, instance:com.sauce.qa.testcases.LoginPageTest@2892d68]" started-at="2023-11-28T15:50:44 IST" name="setUp" finished-at="2023-11-28T15:50:46 IST" duration-ms="1920" status="PASS">
          <reporter-output>
          </reporter-output>
        </test-method> <!-- setUp -->
        <test-method signature="validateTitle()[pri:2, instance:com.sauce.qa.testcases.LoginPageTest@2892d68]" started-at="2023-11-28T15:50:46 IST" name="validateTitle" finished-at="2023-11-28T15:50:46 IST" duration-ms="39" status="PASS">
          <reporter-output>
          </reporter-output>
        </test-method> <!-- validateTitle -->
        <test-method is-config="true" signature="finishLine()[pri:0, instance:com.sauce.qa.testcases.LoginPageTest@2892d68]" started-at="2023-11-28T15:50:46 IST" name="finishLine" finished-at="2023-11-28T15:50:46 IST" duration-ms="215" status="PASS">
          <reporter-output>
          </reporter-output>
        </test-method> <!-- finishLine -->
      </class> <!-- com.sauce.qa.testcases.LoginPageTest -->
    </test> <!-- Default test -->
  </suite> <!-- Default suite -->
</testng-results>
