<?xml version="1.0" encoding="UTF-8"?>
<testng-results ignored="0" total="2" passed="2" failed="0" skipped="0">
  <reporter-output>
  </reporter-output>
  <suite started-at="2023-11-28T17:42:15 IST" name="Default suite" finished-at="2023-11-28T17:42:22 IST" duration-ms="7189">
    <groups>
    </groups>
    <test started-at="2023-11-28T17:42:15 IST" name="Default test" finished-at="2023-11-28T17:42:22 IST" duration-ms="7189">
      <class name="com.sauce.qa.testcases.LoginPageTest">
        <test-method is-config="true" signature="setUp()[pri:0, instance:com.sauce.qa.testcases.LoginPageTest@2892d68]" started-at="2023-11-28T17:42:15 IST" name="setUp" finished-at="2023-11-28T17:42:19 IST" duration-ms="3997" status="PASS">
          <reporter-output>
          </reporter-output>
        </test-method> <!-- setUp -->
        <test-method signature="validateLogin()[pri:1, instance:com.sauce.qa.testcases.LoginPageTest@2892d68]" started-at="2023-11-28T17:42:19 IST" name="validateLogin" finished-at="2023-11-28T17:42:20 IST" duration-ms="588" status="PASS">
          <reporter-output>
          </reporter-output>
        </test-method> <!-- validateLogin -->
        <test-method is-config="true" signature="finishLine()[pri:0, instance:com.sauce.qa.testcases.LoginPageTest@2892d68]" started-at="2023-11-28T17:42:20 IST" name="finishLine" finished-at="2023-11-28T17:42:20 IST" duration-ms="343" status="PASS">
          <reporter-output>
          </reporter-output>
        </test-method> <!-- finishLine -->
        <test-method is-config="true" signature="setUp()[pri:0, instance:com.sauce.qa.testcases.LoginPageTest@2892d68]" started-at="2023-11-28T17:42:20 IST" name="setUp" finished-at="2023-11-28T17:42:22 IST" duration-ms="1896" status="PASS">
          <reporter-output>
          </reporter-output>
        </test-method> <!-- setUp -->
        <test-method signature="validateTitle()[pri:2, instance:com.sauce.qa.testcases.LoginPageTest@2892d68]" started-at="2023-11-28T17:42:22 IST" name="validateTitle" finished-at="2023-11-28T17:42:22 IST" duration-ms="42" status="PASS">
          <reporter-output>
          </reporter-output>
        </test-method> <!-- validateTitle -->
        <test-method is-config="true" signature="finishLine()[pri:0, instance:com.sauce.qa.testcases.LoginPageTest@2892d68]" started-at="2023-11-28T17:42:22 IST" name="finishLine" finished-at="2023-11-28T17:42:22 IST" duration-ms="226" status="PASS">
          <reporter-output>
          </reporter-output>
        </test-method> <!-- finishLine -->
      </class> <!-- com.sauce.qa.testcases.LoginPageTest -->
    </test> <!-- Default test -->
  </suite> <!-- Default suite -->
</testng-results>
